[2019-05-24 14:52] [PACMAN] Running 'pacman -Syu --root /tmp/newmsys/msys64'
[2019-05-24 14:52] [PACMAN] synchronizing package lists
[2019-05-24 14:52] [PACMAN] starting core system upgrade
[2019-05-24 14:52] [PACMAN] starting full system upgrade
[2019-05-24 14:52] [PACMAN] Running 'pacman -S --noconfirm --root /tmp/newmsys/msys64 base'
[2019-05-24 14:53] [ALPM] transaction started
[2019-05-24 14:53] [ALPM] installed msys2-runtime (3.0.7-2)
[2019-05-24 14:53] [ALPM] installed bash (4.4.023-1)
[2019-05-24 14:53] [ALPM] installed bash-completion (2.8-2)
[2019-05-24 14:53] [ALPM] installed gcc-libs (7.4.0-1)
[2019-05-24 14:53] [ALPM] installed libbz2 (1.0.6-2)
[2019-05-24 14:53] [ALPM] installed libiconv (1.15-1)
[2019-05-24 14:53] [ALPM] installed libexpat (2.2.6-1)
[2019-05-24 14:53] [ALPM] installed libintl (0.19.8.1-1)
[2019-05-24 14:53] [ALPM] installed libgettextpo (0.19.8.1-1)
[2019-05-24 14:53] [ALPM] installed libasprintf (0.19.8.1-1)
[2019-05-24 14:53] [ALPM] installed gettext (0.19.8.1-1)
[2019-05-24 14:53] [ALPM] installed liblzma (5.2.4-1)
[2019-05-24 14:53] [ALPM] installed liblz4 (1.9.1-1)
[2019-05-24 14:53] [ALPM] installed liblzo2 (2.10-2)
[2019-05-24 14:53] [ALPM] installed gmp (6.1.2-1)
[2019-05-24 14:53] [ALPM] installed libhogweed (3.4.1-1)
[2019-05-24 14:53] [ALPM] installed libnettle (3.4.1-1)
[2019-05-24 14:53] [ALPM] installed coreutils (8.31-1)
[2019-05-24 14:53] [ALPM] installed icu (64.2-1)
[2019-05-24 14:53] [ALPM] installed ncurses (6.1.20180908-1)
[2019-05-24 14:53] [ALPM] installed libreadline (8.0.000-1)
[2019-05-24 14:53] [ALPM] installed zlib (1.2.11-1)
[2019-05-24 14:53] [ALPM] installed libxml2 (2.9.9-4)
[2019-05-24 14:53] [ALPM] installed bsdcpio (3.3.3-3)
[2019-05-24 14:53] [ALPM] installed bsdtar (3.3.3-3)
[2019-05-24 14:53] [ALPM] installed bzip2 (1.0.6-2)
[2019-05-24 14:53] [ALPM] installed libopenssl (1.1.1.b-1)
[2019-05-24 14:53] [ALPM] installed openssl (1.1.1.b-1)
[2019-05-24 14:53] [ALPM] installed findutils (4.6.0-1)
[2019-05-24 14:53] [ALPM] installed sed (4.7-1)
[2019-05-24 14:53] [ALPM] installed libffi (3.2.1-3)
[2019-05-24 14:53] [ALPM] installed libpcre (8.43-2)
[2019-05-24 14:53] [ALPM] installed less (530-1)
[2019-05-24 14:53] [ALPM] installed gzip (1.10-1)
[2019-05-24 14:53] [ALPM] installed libcrypt (2.1-2)
[2019-05-24 14:53] [ALPM] installed info (6.6-1)
[2019-05-24 14:53] [ALPM] installed libtasn1 (4.13-1)
[2019-05-24 14:53] [ALPM] installed libgpg-error (1.36-1)
[2019-05-24 14:53] [ALPM] installed libgcrypt (1.8.4-1)
[2019-05-24 14:53] [ALPM] installed libxslt (1.1.33-2)
[2019-05-24 14:53] [ALPM] installed glib2 (2.54.3-1)
[2019-05-24 14:53] [ALPM] installed libp11-kit (0.23.15-1)
[2019-05-24 14:53] [ALPM] installed p11-kit (0.23.15-1)
[2019-05-24 14:53] [ALPM] installed ca-certificates (20180409-1)
[2019-05-24 14:53] [ALPM] installed brotli (1.0.7-1)
[2019-05-24 14:53] [ALPM] installed libdb (5.3.28-2)
[2019-05-24 14:53] [ALPM] installed libedit (3.1-20170329)
[2019-05-24 14:53] [ALPM] installed libsqlite (3.28.0-1)
[2019-05-24 14:53] [ALPM] installed heimdal-libs (7.5.0-3)
[2019-05-24 14:53] [ALPM] installed libunistring (0.9.10-1)
[2019-05-24 14:53] [ALPM] installed libidn2 (2.1.1a-1)
[2019-05-24 14:53] [ALPM] installed libmetalink (0.1.3-2)
[2019-05-24 14:53] [ALPM] installed libnghttp2 (1.36.0-1)
[2019-05-24 14:53] [ALPM] installed libpsl (0.20.2-3)
[2019-05-24 14:53] [ALPM] installed libssh2 (1.8.2-1)
[2019-05-24 14:53] [ALPM] installed libcurl (7.65.0-1)
[2019-05-24 14:53] [ALPM] installed curl (7.65.0-1)
[2019-05-24 14:53] [ALPM] installed filesystem (2018.12-1)
[2019-05-24 14:53] [ALPM] installed grep (3.0-2)
[2019-05-24 14:53] [ALPM] installed dash (0.5.10.2-1)
[2019-05-24 14:53] [ALPM] installed dtc (1.5.0-1)
[2019-05-24 14:53] [ALPM] installed file (5.37-1)
[2019-05-24 14:53] [ALPM] installed m4 (1.4.18-2)
[2019-05-24 14:53] [ALPM] installed flex (2.6.4-1)
[2019-05-24 14:53] [ALPM] installed mpfr (4.0.2-1)
[2019-05-24 14:53] [ALPM] installed gawk (5.0.0-1)
[2019-05-24 14:53] [ALPM] installed libargp (20110921-2)
[2019-05-24 14:53] [ALPM] installed getent (2.18.90-2)
[2019-05-24 14:53] [ALPM] installed tftp-hpa (5.2-3)
[2019-05-24 14:53] [ALPM] installed inetutils (1.9.4-2)
[2019-05-24 14:53] [ALPM] installed lndir (1.0.3-1)
[2019-05-24 14:53] [ALPM] installed mintty (1~3.0.0-1)
[2019-05-24 14:53] [ALPM] installed msys2-keyring (r9.397a52e-1)
[2019-05-24 14:53] [ALPM] installed msys2-launcher-git (0.3.32.56c2ba7-2)
[2019-05-24 14:53] [ALPM] installed libassuan (2.5.3-1)
[2019-05-24 14:53] [ALPM] installed libgnutls (3.6.7.1-1)
[2019-05-24 14:53] [ALPM] installed libksba (1.3.5-1)
[2019-05-24 14:53] [ALPM] installed libnpth (1.6-1)
[2019-05-24 14:53] [ALPM] installed nettle (3.4.1-1)
[2019-05-24 14:53] [ALPM] installed pinentry (1.1.0-2)
[2019-05-24 14:53] [ALPM] installed gnupg (2.2.15-2)
[2019-05-24 14:53] [ALPM] installed pacman-mirrors (20180604-2)
[2019-05-24 14:53] [ALPM] installed which (2.21-2)
[2019-05-24 14:53] [ALPM] installed xz (5.2.4-1)
[2019-05-24 14:54] [ALPM] installed pacman (5.1.3-1)
[2019-05-24 14:54] [ALPM] installed libarchive (3.3.3-3)
[2019-05-24 14:54] [ALPM] installed libpcre16 (8.43-2)
[2019-05-24 14:54] [ALPM] installed libpcre32 (8.43-2)
[2019-05-24 14:54] [ALPM] installed libpcrecpp (8.43-2)
[2019-05-24 14:54] [ALPM] installed libpcreposix (8.43-2)
[2019-05-24 14:54] [ALPM] installed pcre (8.43-2)
[2019-05-24 14:54] [ALPM] installed pkgfile (19-1)
[2019-05-24 14:54] [ALPM-SCRIPTLET] ==> Run 'pkgfile --update' to initialize the database
[2019-05-24 14:54] [ALPM] installed libgpgme (1.13.0-1)
[2019-05-24 14:54] [ALPM] installed libpcre2_8 (10.33-2)
[2019-05-24 14:54] [ALPM] installed libutil-linux (2.33.1-1)
[2019-05-24 14:54] [ALPM] installed wget (1.20.3-1)
[2019-05-24 14:54] [ALPM] installed pactoys-git (r2.07ca37f-1)
[2019-05-24 14:54] [ALPM] installed pax-git (20161104.2-1)
[2019-05-24 14:54] [ALPM] installed rebase (4.4.4-1)
[2019-05-24 14:54] [ALPM] installed time (1.9-1)
[2019-05-24 14:54] [ALPM] installed ttyrec (1.0.8-2)
[2019-05-24 14:54] [ALPM] installed tzcode (2019.a-1)
[2019-05-24 14:54] [ALPM] installed util-linux (2.33.1-1)
[2019-05-24 14:54] [ALPM] transaction completed
[2019-07-16 21:27] [PACMAN] Running 'pacman -Su make git cmake tar mingw64/mingw-w64-x86_64-libwinpthread-git'
[2019-07-16 21:27] [PACMAN] starting core system upgrade
[2019-07-16 21:27] [PACMAN] starting full system upgrade
[2019-07-16 21:28] [ALPM] transaction started
[2019-07-16 21:28] [ALPM] installed make (4.2.1-1)
[2019-07-16 21:28] [ALPM] installed expat (2.2.6-1)
[2019-07-16 21:28] [ALPM] installed vim (8.1.1234-1)
[2019-07-16 21:28] [ALPM] installed heimdal (7.5.0-3)
[2019-07-16 21:28] [ALPM] installed openssh (8.0p1-1)
[2019-07-16 21:28] [ALPM] installed db (5.3.28-2)
[2019-07-16 21:28] [ALPM] installed libgdbm (1.18.1-2)
[2019-07-16 21:28] [ALPM] installed gdbm (1.18.1-2)
[2019-07-16 21:28] [ALPM] installed perl (5.28.2-1)
[2019-07-16 21:28] [ALPM] installed perl-Error (0.17027-1)
[2019-07-16 21:28] [ALPM] installed perl-Authen-SASL (2.16-2)
[2019-07-16 21:28] [ALPM] installed perl-Encode-Locale (1.05-1)
[2019-07-16 21:28] [ALPM] installed perl-HTTP-Date (6.02-2)
[2019-07-16 21:28] [ALPM] installed perl-File-Listing (6.04-2)
[2019-07-16 21:28] [ALPM] installed perl-HTML-Tagset (3.20-2)
[2019-07-16 21:28] [ALPM] installed perl-HTML-Parser (3.72-3)
[2019-07-16 21:28] [ALPM] installed perl-LWP-MediaTypes (6.02-2)
[2019-07-16 21:28] [ALPM] installed perl-URI (1.76-1)
[2019-07-16 21:28] [ALPM] installed perl-HTTP-Message (6.18-1)
[2019-07-16 21:28] [ALPM] installed perl-HTTP-Cookies (6.04-1)
[2019-07-16 21:28] [ALPM] installed perl-HTTP-Daemon (6.01-2)
[2019-07-16 21:28] [ALPM] installed perl-HTTP-Negotiate (6.01-2)
[2019-07-16 21:28] [ALPM] installed perl-Net-HTTP (6.18-1)
[2019-07-16 21:28] [ALPM] installed perl-WWW-RobotRules (6.02-2)
[2019-07-16 21:28] [ALPM] installed perl-Try-Tiny (0.30-1)
[2019-07-16 21:28] [ALPM] installed perl-libwww (6.38-1)
[2019-07-16 21:28] [ALPM] installed perl-TimeDate (2.30-2)
[2019-07-16 21:28] [ALPM] installed perl-MailTools (2.20-1)
[2019-07-16 21:28] [ALPM] installed perl-IO-stringy (2.111-1)
[2019-07-16 21:28] [ALPM] installed perl-Convert-BinHex (1.125-1)
[2019-07-16 21:28] [ALPM-SCRIPTLET] module test... pass.
[2019-07-16 21:28] [ALPM] installed perl-MIME-tools (5.509-1)
[2019-07-16 21:28] [ALPM] installed perl-Net-SSLeay (1.85-2)
[2019-07-16 21:28] [ALPM] installed perl-IO-Socket-SSL (2.060-1)
[2019-07-16 21:28] [ALPM] installed perl-Net-SMTP-SSL (1.04-1)
[2019-07-16 21:28] [ALPM] installed perl-TermReadKey (2.37-3)
[2019-07-16 21:28] [ALPM] installed git (2.21.0-1)
[2019-07-16 21:28] [ALPM] installed jsoncpp (1.8.4-1)
[2019-07-16 21:28] [ALPM-SCRIPTLET] JsonCpp headers and build libraries are now in jsoncpp-devel.
[2019-07-16 21:28] [ALPM] installed librhash (1.3.8-1)
[2019-07-16 21:28] [ALPM] installed libuv (1.29.1-1)
[2019-07-16 21:28] [ALPM] installed pkg-config (0.29.2-1)
[2019-07-16 21:28] [ALPM] installed cmake (3.14.3-1)
[2019-07-16 21:28] [ALPM] installed tar (1.32-1)
[2019-07-16 21:28] [ALPM] installed mingw-w64-x86_64-libwinpthread-git (7.0.0.5447.a2d94c81-1)
[2019-07-16 21:28] [ALPM] transaction completed
[2019-07-16 21:29] [PACMAN] Running 'pacman -S python2'
[2019-07-16 21:29] [ALPM] transaction started
[2019-07-16 21:29] [ALPM] installed python2 (2.7.16-1)
[2019-07-16 21:29] [ALPM] transaction completed
[2019-07-16 21:29] [PACMAN] Running 'pacman -S python'
[2019-07-16 21:29] [ALPM] transaction started
[2019-07-16 21:29] [ALPM] installed mpdecimal (2.4.2-2)
[2019-07-16 21:30] [ALPM] installed python (3.7.3-1)
[2019-07-16 21:30] [ALPM] transaction completed
